<?xml version="1.0" encoding="UTF-8"?>
<!-- Generated by org.testng.reporters.JUnitReportReporter -->
<testsuite hostname="LAPTOP-2CBG4CHB" failures="0" tests="1" name="selenium.Assignment5" time="51.152" errors="0" timestamp="27 May 2021 02:05:44 GMT">
  <testcase classname="selenium.Assignment5" name="paymentgateway" time="51.152"/>
</testsuite> <!-- selenium.Assignment5 -->
